
> Task :app:dependencies FAILED

------------------------------------------------------------
Project ':app'
------------------------------------------------------------

_agp_internal_javaPreCompileDebugAndroidTest_kaptClasspath

FAILURE: Build failed with an exception.

* What went wrong:
Execution failed for task ':app:dependencies'.
> Configuration `:app:_agp_internal_javaPreCompileDebugAndroidTest_kaptClasspath` contains AndroidX dependencies, but the `android.useAndroidX` property is not enabled, which may cause runtime issues.
  Set `android.useAndroidX=true` in the `gradle.properties` file and retry.
  The following AndroidX dependencies are detected:
  :app:_agp_internal_javaPreCompileDebugAndroidTest_kaptClasspath -> androidx.room:room-compiler:2.6.1
  :app:_agp_internal_javaPreCompileDebugAndroidTest_kaptClasspath -> androidx.room:room-compiler:2.6.1 -> androidx.room:room-compiler-processing:2.6.1 -> androidx.room:room-migration:2.6.1 -> androidx.room:room-common:2.6.1
  :app:_agp_internal_javaPreCompileDebugAndroidTest_kaptClasspath -> androidx.room:room-compiler:2.6.1 -> androidx.room:room-compiler-processing:2.6.1 -> androidx.room:room-migration:2.6.1 -> androidx.room:room-common:2.6.1 -> androidx.annotation:annotation:1.3.0
  :app:_agp_internal_javaPreCompileDebugAndroidTest_kaptClasspath -> androidx.room:room-compiler:2.6.1 -> androidx.room:room-common:2.6.1 -> androidx.room:room-migration:2.6.1 -> androidx.room:room-compiler-processing:2.6.1
  :app:_agp_internal_javaPreCompileDebugAndroidTest_kaptClasspath -> androidx.room:room-compiler:2.6.1 -> androidx.room:room-common:2.6.1 -> androidx.room:room-compiler-processing:2.6.1 -> androidx.room:room-migration:2.6.1

* Try:
> Run with --stacktrace option to get the stack trace.
> Run with --info or --debug option to get more log output.
> Run with --scan to get full insights.
> Get more help at https://help.gradle.org.

Deprecated Gradle features were used in this build, making it incompatible with Gradle 9.0.

You can use '--warning-mode all' to show the individual deprecation warnings and determine if they come from your own scripts or plugins.

For more on this, please refer to https://docs.gradle.org/8.8/userguide/command_line_interface.html#sec:command_line_warnings in the Gradle documentation.

BUILD FAILED in 1s
1 actionable task: 1 executed
